[2025-06-26 16:59:37.957] [6466] [HailoRT] [info] [vdevice.cpp:523] [create] Creating vdevice with params: device_count: 1, scheduling_algorithm: ROUND_ROBIN, multi_process_service: false
[2025-06-26 16:59:37.969] [6466] [HailoRT] [info] [device.cpp:49] [Device] OS Version: Linux 6.12.25+rpt-rpi-2712 #1 SMP PREEMPT Debian 1:6.12.25-1+rpt1 (2025-04-30) aarch64
[2025-06-26 16:59:37.971] [6466] [HailoRT] [info] [control.cpp:108] [control__parse_identify_results] firmware_version is: 4.20.0
[2025-06-26 16:59:37.971] [6466] [HailoRT] [info] [vdevice.cpp:651] [create] VDevice Infos: 0001:01:00.0
[2025-06-26 16:59:37.971] [6466] [HailoRT] [error] [file_utils.cpp:40] [read_binary_file] CHECK failed - Error opening file yolov5m_vehicles_with_nms.hef
[2025-06-26 16:59:37.971] [6466] [HailoRT] [error] [hef.cpp:525] [parse_hef_file] CHECK_SUCCESS failed with status=HAILO_OPEN_FILE_FAILURE(13)
[2025-06-26 16:59:37.971] [6466] [HailoRT] [error] [hef.cpp:1002] [Impl] Failed parsing HEF file
[2025-06-26 16:59:37.971] [6466] [HailoRT] [error] [hef.cpp:314] [create] Failed creating HEF
[2025-06-26 16:59:37.971] [6466] [HailoRT] [error] [hef.cpp:170] [create] CHECK_SUCCESS failed with status=HAILO_OPEN_FILE_FAILURE(13)
[2025-06-26 16:59:37.971] [6466] [HailoRT] [error] [infer_model.cpp:242] [create] CHECK_SUCCESS failed with status=HAILO_OPEN_FILE_FAILURE(13)
[2025-06-26 16:59:37.971] [6466] [HailoRT] [error] [vdevice.cpp:756] [create_infer_model] CHECK_SUCCESS failed with status=HAILO_OPEN_FILE_FAILURE(13)
[2025-06-26 16:59:55.909] [6513] [HailoRT] [info] [vdevice.cpp:523] [create] Creating vdevice with params: device_count: 1, scheduling_algorithm: ROUND_ROBIN, multi_process_service: false
[2025-06-26 16:59:55.921] [6513] [HailoRT] [info] [device.cpp:49] [Device] OS Version: Linux 6.12.25+rpt-rpi-2712 #1 SMP PREEMPT Debian 1:6.12.25-1+rpt1 (2025-04-30) aarch64
[2025-06-26 16:59:55.922] [6513] [HailoRT] [info] [control.cpp:108] [control__parse_identify_results] firmware_version is: 4.20.0
[2025-06-26 16:59:55.923] [6513] [HailoRT] [info] [vdevice.cpp:651] [create] VDevice Infos: 0001:01:00.0
[2025-06-26 16:59:56.056] [6513] [HailoRT] [info] [hef.cpp:1929] [get_network_group_and_network_name] No name was given. Addressing all networks of default network_group: model
[2025-06-26 16:59:56.056] [6513] [HailoRT] [info] [hef.cpp:1929] [get_network_group_and_network_name] No name was given. Addressing all networks of default network_group: model
[2025-06-26 16:59:56.071] [6513] [HailoRT] [info] [internal_buffer_manager.cpp:204] [print_execution_results] Planned internal buffer memory: CMA memory 0, user memory 7375360. memory to edge layer usage factor is 0.7740462
[2025-06-26 16:59:56.071] [6513] [HailoRT] [info] [internal_buffer_manager.cpp:212] [print_execution_results] Default Internal buffer planner executed successfully
[2025-06-26 16:59:56.099] [6513] [HailoRT] [info] [device_internal.cpp:57] [configure] Configuring HEF took 36.519189 milliseconds
[2025-06-26 16:59:56.099] [6513] [HailoRT] [info] [vdevice.cpp:749] [configure] Configuring HEF on VDevice took 36.811836 milliseconds
[2025-06-26 16:59:56.099] [6513] [HailoRT] [info] [infer_model.cpp:436] [configure] Configuring network group 'model' with params: batch size: 2, power mode: PERFORMANCE, latency: NONE
[2025-06-26 16:59:56.099] [6513] [HailoRT] [info] [multi_io_elements.cpp:756] [create] Created (AsyncHwEl)
[2025-06-26 16:59:56.099] [6513] [HailoRT] [info] [queue_elements.cpp:450] [create] Created (EntryPushQEl0model/input_layer1 | timeout: 10s)
[2025-06-26 16:59:56.099] [6513] [HailoRT] [info] [multi_io_elements.cpp:135] [create] Created (NmsPPMuxEl0YOLOv5-Post-Process | Op YOLOV5, Name: YOLOv5-Post-Process, Score threshold: 0.300, IoU threshold: 0.45, Classes: 1, Cross classes: false, NMS results order: BY_CLASS, Max bboxes per class: 100, Image height: 640, Image width: 640)
[2025-06-26 16:59:56.099] [6513] [HailoRT] [info] [queue_elements.cpp:942] [create] Created (MultiPushQEl0YOLOv5-Post-Process | timeout: 10s)
[2025-06-26 16:59:56.099] [6513] [HailoRT] [info] [edge_elements.cpp:187] [create] Created (LastAsyncEl0NmsPPMuxEl0YOLOv5-Post-Process)
[2025-06-26 16:59:56.099] [6513] [HailoRT] [info] [pipeline.cpp:891] [print_deep_description] EntryPushQEl0model/input_layer1 | inputs: user | outputs: AsyncHwEl(running in thread_id: 6542)
[2025-06-26 16:59:56.099] [6513] [HailoRT] [info] [pipeline.cpp:891] [print_deep_description] AsyncHwEl | inputs: EntryPushQEl0model/input_layer1[0] | outputs: MultiPushQEl0YOLOv5-Post-Process MultiPushQEl0YOLOv5-Post-Process MultiPushQEl0YOLOv5-Post-Process
[2025-06-26 16:59:56.099] [6513] [HailoRT] [info] [pipeline.cpp:891] [print_deep_description] MultiPushQEl0YOLOv5-Post-Process | inputs: AsyncHwEl[0] AsyncHwEl[1] AsyncHwEl[2] | outputs: NmsPPMuxEl0YOLOv5-Post-Process(running in thread_id: 6543)
[2025-06-26 16:59:56.099] [6513] [HailoRT] [info] [pipeline.cpp:891] [print_deep_description] NmsPPMuxEl0YOLOv5-Post-Process | inputs: MultiPushQEl0YOLOv5-Post-Process[0] | outputs: LastAsyncEl0NmsPPMuxEl0YOLOv5-Post-Process
[2025-06-26 16:59:56.099] [6513] [HailoRT] [info] [pipeline.cpp:891] [print_deep_description] LastAsyncEl0NmsPPMuxEl0YOLOv5-Post-Process | inputs: NmsPPMuxEl0YOLOv5-Post-Process[0] | outputs: user
[2025-06-26 16:59:56.436] [6531] [HailoRT] [info] [hef.cpp:1929] [get_network_group_and_network_name] No name was given. Addressing all networks of default network_group: model
[2025-06-26 17:00:44.813] [6563] [HailoRT] [info] [vdevice.cpp:523] [create] Creating vdevice with params: device_count: 1, scheduling_algorithm: ROUND_ROBIN, multi_process_service: false
[2025-06-26 17:00:44.825] [6563] [HailoRT] [info] [device.cpp:49] [Device] OS Version: Linux 6.12.25+rpt-rpi-2712 #1 SMP PREEMPT Debian 1:6.12.25-1+rpt1 (2025-04-30) aarch64
[2025-06-26 17:00:44.826] [6563] [HailoRT] [info] [control.cpp:108] [control__parse_identify_results] firmware_version is: 4.20.0
[2025-06-26 17:00:44.826] [6563] [HailoRT] [info] [vdevice.cpp:651] [create] VDevice Infos: 0001:01:00.0
[2025-06-26 17:00:44.999] [6563] [HailoRT] [info] [hef.cpp:1929] [get_network_group_and_network_name] No name was given. Addressing all networks of default network_group: model
[2025-06-26 17:00:44.999] [6563] [HailoRT] [info] [hef.cpp:1929] [get_network_group_and_network_name] No name was given. Addressing all networks of default network_group: model
[2025-06-26 17:00:48.192] [6576] [HailoRT] [info] [vdevice.cpp:523] [create] Creating vdevice with params: device_count: 1, scheduling_algorithm: ROUND_ROBIN, multi_process_service: false
[2025-06-26 17:00:48.204] [6576] [HailoRT] [info] [device.cpp:49] [Device] OS Version: Linux 6.12.25+rpt-rpi-2712 #1 SMP PREEMPT Debian 1:6.12.25-1+rpt1 (2025-04-30) aarch64
[2025-06-26 17:00:48.206] [6576] [HailoRT] [info] [control.cpp:108] [control__parse_identify_results] firmware_version is: 4.20.0
[2025-06-26 17:00:48.206] [6576] [HailoRT] [info] [vdevice.cpp:651] [create] VDevice Infos: 0001:01:00.0
[2025-06-26 17:00:48.338] [6576] [HailoRT] [info] [hef.cpp:1929] [get_network_group_and_network_name] No name was given. Addressing all networks of default network_group: model
[2025-06-26 17:00:48.338] [6576] [HailoRT] [info] [hef.cpp:1929] [get_network_group_and_network_name] No name was given. Addressing all networks of default network_group: model
[2025-06-26 17:01:45.052] [6592] [HailoRT] [info] [vdevice.cpp:523] [create] Creating vdevice with params: device_count: 1, scheduling_algorithm: ROUND_ROBIN, multi_process_service: false
[2025-06-26 17:01:45.064] [6592] [HailoRT] [info] [device.cpp:49] [Device] OS Version: Linux 6.12.25+rpt-rpi-2712 #1 SMP PREEMPT Debian 1:6.12.25-1+rpt1 (2025-04-30) aarch64
[2025-06-26 17:01:45.065] [6592] [HailoRT] [info] [control.cpp:108] [control__parse_identify_results] firmware_version is: 4.20.0
[2025-06-26 17:01:45.065] [6592] [HailoRT] [info] [vdevice.cpp:651] [create] VDevice Infos: 0001:01:00.0
[2025-06-26 17:01:45.198] [6592] [HailoRT] [info] [hef.cpp:1929] [get_network_group_and_network_name] No name was given. Addressing all networks of default network_group: model
[2025-06-26 17:01:45.198] [6592] [HailoRT] [info] [hef.cpp:1929] [get_network_group_and_network_name] No name was given. Addressing all networks of default network_group: model
[2025-06-26 17:02:45.691] [6629] [HailoRT] [info] [vdevice.cpp:523] [create] Creating vdevice with params: device_count: 1, scheduling_algorithm: ROUND_ROBIN, multi_process_service: false
[2025-06-26 17:02:45.702] [6629] [HailoRT] [info] [device.cpp:49] [Device] OS Version: Linux 6.12.25+rpt-rpi-2712 #1 SMP PREEMPT Debian 1:6.12.25-1+rpt1 (2025-04-30) aarch64
[2025-06-26 17:02:45.703] [6629] [HailoRT] [info] [control.cpp:108] [control__parse_identify_results] firmware_version is: 4.20.0
[2025-06-26 17:02:45.703] [6629] [HailoRT] [info] [vdevice.cpp:651] [create] VDevice Infos: 0001:01:00.0
[2025-06-26 17:02:45.845] [6629] [HailoRT] [info] [hef.cpp:1929] [get_network_group_and_network_name] No name was given. Addressing all networks of default network_group: model
[2025-06-26 17:02:45.845] [6629] [HailoRT] [info] [hef.cpp:1929] [get_network_group_and_network_name] No name was given. Addressing all networks of default network_group: model
[2025-06-26 17:02:45.861] [6629] [HailoRT] [info] [internal_buffer_manager.cpp:204] [print_execution_results] Planned internal buffer memory: CMA memory 0, user memory 7375360. memory to edge layer usage factor is 0.7740462
[2025-06-26 17:02:45.861] [6629] [HailoRT] [info] [internal_buffer_manager.cpp:212] [print_execution_results] Default Internal buffer planner executed successfully
[2025-06-26 17:02:45.888] [6629] [HailoRT] [info] [device_internal.cpp:57] [configure] Configuring HEF took 35.929376 milliseconds
[2025-06-26 17:02:45.888] [6629] [HailoRT] [info] [vdevice.cpp:749] [configure] Configuring HEF on VDevice took 36.254931 milliseconds
[2025-06-26 17:02:45.888] [6629] [HailoRT] [info] [infer_model.cpp:436] [configure] Configuring network group 'model' with params: batch size: 2, power mode: PERFORMANCE, latency: NONE
[2025-06-26 17:02:45.888] [6629] [HailoRT] [info] [multi_io_elements.cpp:756] [create] Created (AsyncHwEl)
[2025-06-26 17:02:45.889] [6629] [HailoRT] [info] [queue_elements.cpp:450] [create] Created (EntryPushQEl0model/input_layer1 | timeout: 10s)
[2025-06-26 17:02:45.889] [6629] [HailoRT] [info] [multi_io_elements.cpp:135] [create] Created (NmsPPMuxEl0YOLOv5-Post-Process | Op YOLOV5, Name: YOLOv5-Post-Process, Score threshold: 0.300, IoU threshold: 0.45, Classes: 1, Cross classes: false, NMS results order: BY_CLASS, Max bboxes per class: 100, Image height: 640, Image width: 640)
[2025-06-26 17:02:45.889] [6629] [HailoRT] [info] [queue_elements.cpp:942] [create] Created (MultiPushQEl0YOLOv5-Post-Process | timeout: 10s)
[2025-06-26 17:02:45.889] [6629] [HailoRT] [info] [edge_elements.cpp:187] [create] Created (LastAsyncEl0NmsPPMuxEl0YOLOv5-Post-Process)
[2025-06-26 17:02:45.889] [6629] [HailoRT] [info] [pipeline.cpp:891] [print_deep_description] EntryPushQEl0model/input_layer1 | inputs: user | outputs: AsyncHwEl(running in thread_id: 6658)
[2025-06-26 17:02:45.889] [6629] [HailoRT] [info] [pipeline.cpp:891] [print_deep_description] AsyncHwEl | inputs: EntryPushQEl0model/input_layer1[0] | outputs: MultiPushQEl0YOLOv5-Post-Process MultiPushQEl0YOLOv5-Post-Process MultiPushQEl0YOLOv5-Post-Process
[2025-06-26 17:02:45.889] [6629] [HailoRT] [info] [pipeline.cpp:891] [print_deep_description] MultiPushQEl0YOLOv5-Post-Process | inputs: AsyncHwEl[0] AsyncHwEl[1] AsyncHwEl[2] | outputs: NmsPPMuxEl0YOLOv5-Post-Process(running in thread_id: 6659)
[2025-06-26 17:02:45.889] [6629] [HailoRT] [info] [pipeline.cpp:891] [print_deep_description] NmsPPMuxEl0YOLOv5-Post-Process | inputs: MultiPushQEl0YOLOv5-Post-Process[0] | outputs: LastAsyncEl0NmsPPMuxEl0YOLOv5-Post-Process
[2025-06-26 17:02:45.889] [6629] [HailoRT] [info] [pipeline.cpp:891] [print_deep_description] LastAsyncEl0NmsPPMuxEl0YOLOv5-Post-Process | inputs: NmsPPMuxEl0YOLOv5-Post-Process[0] | outputs: user
[2025-06-26 17:02:46.236] [6647] [HailoRT] [info] [hef.cpp:1929] [get_network_group_and_network_name] No name was given. Addressing all networks of default network_group: model
[2025-06-26 17:02:48.973] [6629] [HailoRT] [info] [async_infer_runner.cpp:86] [shutdown] Pipeline was aborted. Shutting it down
[2025-06-26 17:02:4[2025-06-26 17:04:09.608] [6685] [HailoRT] [info] [vdevice.cpp:523] [create] Creating vdevice with params: device_count: 1, scheduling_algorithm: ROUND_ROBIN, multi_process_service: false
[2025-06-26 17:04:09.620] [6685] [HailoRT] [info] [device.cpp:49] [Device] OS Version: Linux 6.12.25+rpt-rpi-2712 #1 SMP PREEMPT Debian 1:6.12.25-1+rpt1 (2025-04-30) aarch64
[2025-06-26 17:04:09.621] [6685] [HailoRT] [info] [control.cpp:108] [control__parse_identify_results] firmware_version is: 4.20.0
[2025-06-26 17:04:09.621] [6685] [HailoRT] [info] [vdevice.cpp:651] [create] VDevice Infos: 0001:01:00.0
[2025-06-26 17:04:09.754] [6685] [HailoRT] [info] [hef.cpp:1929] [get_network_group_and_network_name] No name was given. Addressing all networks of default network_group: model
[2025-06-26 17:04:09.754] [6685] [HailoRT] [info] [hef.cpp:1929] [get_network_group_and_network_name] No name was given. Addressing all networks of default network_group: model
[2025-06-26 17:05:27.994] [6712] [HailoRT] [info] [vdevice.cpp:523] [create] Creating vdevice with params: device_count: 1, scheduling_algorithm: ROUND_ROBIN, multi_process_service: false
[2025-06-26 17:05:28.006] [6712] [HailoRT] [info] [device.cpp:49] [Device] OS Version: Linux 6.12.25+rpt-rpi-2712 #1 SMP PREEMPT Debian 1:6.12.25-1+rpt1 (2025-04-30) aarch64
[2025-06-26 17:05:28.007] [6712] [HailoRT] [info] [control.cpp:108] [control__parse_identify_results] firmware_version is: 4.20.0
[2025-06-26 17:05:28.007] [6712] [HailoRT] [info] [vdevice.cpp:651] [create] VDevice Infos: 0001:01:00.0
[2025-06-26 17:05:28.189] [6712] [HailoRT] [info] [hef.cpp:1929] [get_network_group_and_network_name] No name was given. Addressing all networks of default network_group: model
[2025-06-26 17:05:28.189] [6712] [HailoRT] [info] [hef.cpp:1929] [get_network_group_and_network_name] No name was given. Addressing all networks of default network_group: model
[2025-06-26 17:05:28.207] [6712] [HailoRT] [info] [internal_buffer_manager.cpp:204] [print_execution_results] Planned internal buffer memory: CMA memory 0, user memory 7375360. memory to edge layer usage factor is 0.7740462
[2025-06-26 17:05:28.207] [6712] [HailoRT] [info] [internal_buffer_manager.cpp:212] [print_execution_results] Default Internal buffer planner executed successfully
[2025-06-26 17:05:28.236] [6712] [HailoRT] [info] [device_internal.cpp:57] [configure] Configuring HEF took 37.645313 milliseconds
[2025-06-26 17:05:28.236] [6712] [HailoRT] [info] [vdevice.cpp:749] [configure] Configuring HEF on VDevice took 37.944757 milliseconds
[2025-06-26 17:05:28.236] [6712] [HailoRT] [info] [infer_model.cpp:436] [configure] Configuring network group 'model' with params: batch size: 2, power mode: PERFORMANCE, latency: NONE
[2025-06-26 17:05:28.236] [6712] [HailoRT] [info] [multi_io_elements.cpp:756] [create] Created (AsyncHwEl)
[2025-06-26 17:05:28.236] [6712] [HailoRT] [info] [queue_elements.cpp:450] [create] Created (EntryPushQEl0model/input_layer1 | timeout: 10s)
[2025-06-26 17:05:28.236] [6712] [HailoRT] [info] [multi_io_elements.cpp:135] [create] Created (NmsPPMuxEl0YOLOv5-Post-Process | Op YOLOV5, Name: YOLOv5-Post-Process, Score threshold: 0.300, IoU threshold: 0.45, Classes: 1, Cross classes: false, NMS results order: BY_CLASS, Max bboxes per class: 100, Image height: 640, Image width: 640)
[2025-06-26 17:05:28.236] [6712] [HailoRT] [info] [queue_elements.cpp:942] [create] Created (MultiPushQEl0YOLOv5-Post-Process | timeout: 10s)
[2025-06-26 17:05:28.236] [6712] [HailoRT] [info] [edge_elements.cpp:187] [create] Created (LastAsyncEl0NmsPPMuxEl0YOLOv5-Post-Process)
[2025-06-26 17:05:28.236] [6712] [HailoRT] [info] [pipeline.cpp:891] [print_deep_description] EntryPushQEl0model/input_layer1 | inputs: user | outputs: AsyncHwEl(running in thread_id: 6741)
[2025-06-26 17:05:28.236] [6712] [HailoRT] [info] [pipeline.cpp:891] [print_deep_description] AsyncHwEl | inputs: EntryPushQEl0model/input_layer1[0] | outputs: MultiPushQEl0YOLOv5-Post-Process MultiPushQEl0YOLOv5-Post-Process MultiPushQEl0YOLOv5-Post-Process
[2025-06-26 17:05:28.236] [6712] [HailoRT] [info] [pipeline.cpp:891] [print_deep_description] MultiPushQEl0YOLOv5-Post-Process | inputs: AsyncHwEl[0] AsyncHwEl[1] AsyncHwEl[2] | outputs: NmsPPMuxEl0YOLOv5-Post-Process(running in thread_id: 6742)
[2025-06-26 17:05:28.236] [6712] [HailoRT] [info] [pipeline.cpp:891] [print_deep_description] NmsPPMuxEl0YOLOv5-Post-Process | inputs: MultiPushQEl0YOLOv5-Post-Process[0] | outputs: LastAsyncEl0NmsPPMuxEl0YOLOv5-Post-Process
[2025-06-26 17:05:28.236] [6712] [HailoRT] [info] [pipeline.cpp:891] [print_deep_description] LastAsyncEl0NmsPPMuxEl0YOLOv5-Post-Process | inputs: NmsPPMuxEl0YOLOv5-Post-Process[0] | outputs: user
[2025-06-26 17:05:28.581] [6730] [HailoRT] [info] [hef.cpp:1929] [get_network_group_and_network_name] No name was given. Addressing all networks of default network_group: model
[2025-06-26 17:36:17.152] [6920] [HailoRT] [info] [vdevice.cpp:523] [create] Creating vdevice with params: device_count: 1, scheduling_algorithm: ROUND_ROBIN, multi_process_service: false
[2025-06-26 17:36:17.165] [6920] [HailoRT] [info] [device.cpp:49] [Device] OS Version: Linux 6.12.25+rpt-rpi-2712 #1 SMP PREEMPT Debian 1:6.12.25-1+rpt1 (2025-04-30) aarch64
[2025-06-26 17:36:17.166] [6920] [HailoRT] [info] [control.cpp:108] [control__parse_identify_results] firmware_version is: 4.20.0
[2025-06-26 17:36:17.166] [6920] [HailoRT] [info] [vdevice.cpp:651] [create] VDevice Infos: 0001:01:00.0
[2025-06-26 17:36:17.305] [6920] [HailoRT] [info] [hef.cpp:1929] [get_network_group_and_network_name] No name was given. Addressing all networks of default network_group: model
[2025-06-26 17:36:17.305] [6920] [HailoRT] [info] [hef.cpp:1929] [get_network_group_and_network_name] No name was given. Addressing all networks of default network_group: model
[2025-06-26 17:36:29.424] [6937] [HailoRT] [info] [vdevice.cpp:523] [create] Creating vdevice with params: device_count: 1, scheduling_algorithm: ROUND_ROBIN, multi_process_service: false
[2025-06-26 17:36:29.437] [6937] [HailoRT] [info] [device.cpp:49] [Device] OS Version: Linux 6.12.25+rpt-rpi-2712 #1 SMP PREEMPT Debian 1:6.12.25-1+rpt1 (2025-04-30) aarch64
[2025-06-26 17:36:29.438] [6937] [HailoRT] [info] [control.cpp:108] [control__parse_identify_results] firmware_version is: 4.20.0
[2025-06-26 17:36:29.438] [6937] [HailoRT] [info] [vdevice.cpp:651] [create] VDevice Infos: 0001:01:00.0
[2025-06-26 17:36:29.584] [6937] [HailoRT] [info] [hef.cpp:1929] [get_network_group_and_network_name] No name was given. Addressing all networks of default network_group: model
[2025-06-26 17:36:29.584] [6937] [HailoRT] [info] [hef.cpp:1929] [get_network_group_and_network_name] No name was given. Addressing all networks of default network_group: model
[2025-06-26 17:38:53.980] [7091] [HailoRT] [info] [vdevice.cpp:523] [create] Creating vdevice with params: device_count: 1, scheduling_algorithm: ROUND_ROBIN, multi_process_service: false
[2025-06-26 17:38:53.992] [7091] [HailoRT] [info] [device.cpp:49] [Device] OS Version: Linux 6.12.25+rpt-rpi-2712 #1 SMP PREEMPT Debian 1:6.12.25-1+rpt1 (2025-04-30) aarch64
[2025-06-26 17:38:53.994] [7091] [HailoRT] [info] [control.cpp:108] [control__parse_identify_results] firmware_version is: 4.20.0
[2025-06-26 17:38:53.994] [7091] [HailoRT] [info] [vdevice.cpp:651] [create] VDevice Infos: 0001:01:00.0
[2025-06-26 17:38:54.073] [7091] [HailoRT] [info] [hef.cpp:1929] [get_network_group_and_network_name] No name was given. Addressing all networks of default network_group: yolov8s
[2025-06-26 17:38:54.073] [7091] [HailoRT] [info] [hef.cpp:1929] [get_network_group_and_network_name] No name was given. Addressing all networks of default network_group: yolov8s
[2025-06-26 17:38:54.279] [7108] [HailoRT] [info] [internal_buffer_manager.cpp:204] [print_execution_results] Planned internal buffer memory: CMA memory 0, user memory 5737984. memory to edge layer usage factor is 0.82343864
[2025-06-26 17:38:54.279] [7108] [HailoRT] [info] [internal_buffer_manager.cpp:212] [print_execution_results] Default Internal buffer planner executed successfully
[2025-06-26 17:38:54.342] [7108] [HailoRT] [info] [device_internal.cpp:57] [configure] Configuring HEF took 78.513809 milliseconds
[2025-06-26 17:38:54.342] [7108] [HailoRT] [info] [vdevice.cpp:749] [configure] Configuring HEF on VDevice took 78.891659 milliseconds
[2025-06-26 17:38:54.342] [7108] [HailoRT] [info] [infer_model.cpp:436] [configure] Configuring network group 'yolov8s' with params: batch size: 2, power mode: PERFORMANCE, latency: NONE
[2025-06-26 17:38:54.342] [7108] [HailoRT] [info] [multi_io_elements.cpp:756] [create] Created (AsyncHwEl)
[2025-06-26 17:38:54.342] [7108] [HailoRT] [info] [queue_elements.cpp:450] [create] Created (EntryPushQEl0yolov8s/input_layer1 | timeout: 10s)
[2025-06-26 17:38:54.342] [7108] [HailoRT] [info] [filter_elements.cpp:101] [create] Created (PreInferEl0yolov8s/input_layer1 | Reorder - src_order: RGB4, src_shape: (640, 640, 3), dst_order: NHCW, dst_shape: (640, 640, 3))
[2025-06-26 17:38:54.344] [7108] [HailoRT] [info] [queue_elements.cpp:450] [create] Created (PushQEl0yolov8s/input_layer1 | timeout: 10s)
[2025-06-26 17:38:54.344] [7108] [HailoRT] [info] [multi_io_elements.cpp:135] [create] Created (NmsPPMuxEl0YOLOV8-Post-Process | Op YOLOV8, Name: YOLOV8-Post-Process, Score threshold: 0.300, IoU threshold: 0.45, Classes: 80, Cross classes: false, NMS results order: BY_CLASS, Max bboxes per class: 100, Image height: 640, Image width: 640)
[2025-06-26 17:38:54.345] [7108] [HailoRT] [info] [queue_elements.cpp:942] [create] Created (MultiPushQEl0YOLOV8-Post-Process | timeout: 10s)
[2025-06-26 17:38:54.345] [7108] [HailoRT] [info] [edge_elements.cpp:187] [create] Created (LastAsyncEl0NmsPPMuxEl0YOLOV8-Post-Process)
[2025-06-26 17:38:54.345] [7108] [HailoRT] [info] [pipeline.cpp:891] [print_deep_description] EntryPushQEl0yolov8s/input_layer1 | inputs: user | outputs: PreInferEl0yolov8s/input_layer1(running in thread_id: 7133)
[2025-06-26 17:38:54.345] [7108] [HailoRT] [info] [pipeline.cpp:891] [print_deep_description] PreInferEl0yolov8s/input_layer1 | inputs: EntryPushQEl0yolov8s/input_layer1[0] | outputs: PushQEl0yolov8s/input_layer1
[2025-06-26 17:38:54.345] [7108] [HailoRT] [info] [pipeline.cpp:891] [print_deep_description] PushQEl0yolov8s/input_layer1 | inputs: PreInferEl0yolov8s/input_layer1[0] | outputs: AsyncHwEl(running in thread_id: 7134)
[2025-06-26 17:38:54.345] [7108] [HailoRT] [info] [pipeline.cpp:891] [print_deep_description] AsyncHwEl | inputs: PushQEl0yolov8s/input_layer1[0] | outputs: MultiPushQEl0YOLOV8-Post-Process MultiPushQEl0YOLOV8-Post-Process MultiPushQEl0YOLOV8-Post-Process MultiPushQEl0YOLOV8-Post-Process MultiPushQEl0YOLOV8-Post-Process MultiPushQEl0YOLOV8-Post-Process
[2025-06-26 17:38:54.345] [7108] [HailoRT] [info] [pipeline.cpp:891] [print_deep_description] MultiPushQEl0YOLOV8-Post-Process | inputs: AsyncHwEl[0] AsyncHwEl[1] AsyncHwEl[2] AsyncHwEl[3] AsyncHwEl[4] AsyncHwEl[5] | outputs: NmsPPMuxEl0YOLOV8-Post-Process(running in thread_id: 7135)
[2025-06-26 17:38:54.345] [7108] [HailoRT] [info] [pipeline.cpp:891] [print_deep_description] NmsPPMuxEl0YOLOV8-Post-Process | inputs: MultiPushQEl0YOLOV8-Post-Process[0] | outputs: LastAsyncEl0NmsPPMuxEl0YOLOV8-Post-Process
[2025-06-26 17:38:54.345] [7108] [HailoRT] [info] [pipeline.cpp:891] [print_deep_description] LastAsyncEl0NmsPPMuxEl0YOLOV8-Post-Process | inputs: NmsPPMuxEl0YOLOV8-Post-Process[0] | outputs: user
[2025-06-26 17:38:54.350] [7108] [HailoRT] [info] [hef.cpp:1929] [get_network_group_and_network_name] No name was given. Addressing all networks of default network_group: yolov8s
[2025-06-26 17:39:07.150] [7091] [HailoRT] [info] [async_infer_runner.cpp:86] [shutdown] Pipeline was aborted. Shutting it down
[2025-06-26 17:39:07.151] [7097] [HailoRT] [info] [network_group.cpp:857] [operator()] Infer request was aborted by user
[2025-06-26 17:39:07.151] [7091] [HailoRT] [info] [queue_elements.cpp:1131] [execute_deactivate] enqueue() in element MultiPushQEl0YOLOV8-Post-Process was aborted, got status = HAILO_SHUTDOWN_EVENT_SIGNALED(57)
[2025-06-26 17:39:07.151] [7091] [HailoRT] [info] [queue_elements.cpp:1131] [execute_deactivate] enqueue() in element MultiPushQEl0YOLOV8-Post-Process was aborted, got status = HAILO_SHUTDOWN_EVENT_SIGNALED(57)
[2025-06-26 17:39:07.151] [7091] [HailoRT] [info] [queue_elements.cpp:1131] [execute_deactivate] enqueue() in element MultiPushQEl0YOLOV8-Post-Process was aborted, got status = HAILO_SHUTDOWN_EVENT_SIGNALED(57)
[2025-06-26 17:39:07.151] [7091] [HailoRT] [info] [queue_elements.cpp:1131] [execute_deactivate] enqueue() in element MultiPushQEl0YOLOV8-Post-Process was aborted, got status = HAILO_SHUTDOWN_EVENT_SIGNALED(57)
[2025-06-26 17:39:07.151] [7091] [HailoRT] [info] [queue_elements.cpp:1131] [execute_deactivate] enqueue() in element MultiPushQEl0YOLOV8-Post-Process was aborted, got status = HAILO_SHUTDOWN_EVENT_SIGNALED(57)
[2025-06-26 17:39:07.151] [7091] [HailoRT] [info] [queue_elements.cpp:1131] [execute_deactivate] enqueue() in element MultiPushQEl0YOLOV8-Post-Process was aborted, got status = HAILO_SHUTDOWN_EVENT_SIGNALED(57)
[2025-06-26 17:39:07.151] [7091] [HailoRT] [info] [queue_elements.cpp:570] [execute_deactivate] enqueue() in element PushQEl0yolov8s/input_layer1 was aborted, got status = HAILO_SHUTDOWN_EVENT_SIGNALED(57)
[2025-06-26 17:39:07.151] [7091] [HailoRT] [info] [queue_elements.cpp:570] [execute_deactivate] enqueue() in element EntryPushQEl0yolov8s/input_layer1 was aborted, got status = HAILO_SHUTDOWN_EVENT_SIGNALED(57)
[2025-06-26 17:39:07.151] [7091] [HailoRT] [info] [queue_elements.cpp:46] [~BaseQueueElement] Queue element EntryPushQEl0yolov8s/input_layer1 has 0 frames in his Queue on destruction
[2025-06-26 17:39:07.151] [7091] [HailoRT] [info] [queue_elements.cpp:46] [~BaseQueueElement] Queue element PushQEl0yolov8s/input_layer1 has 0 frames in his Queue on destruction
[2025-06-26 17:39:43.079] [7167] [HailoRT] [info] [vdevice.cpp:523] [create] Creating vdevice with params: device_count: 1, scheduling_algorithm: ROUND_ROBIN, multi_process_service: false
[2025-06-26 17:39:43.090] [7167] [HailoRT] [info] [device.cpp:49] [Device] OS Version: Linux 6.12.25+rpt-rpi-2712 #1 SMP PREEMPT Debian 1:6.12.25-1+rpt1 (2025-04-30) aarch64
[2025-06-26 17:39:43.091] [7167] [HailoRT] [info] [control.cpp:108] [control__parse_identify_results] firmware_version is: 4.20.0
[2025-06-26 17:39:43.092] [7167] [HailoRT] [info] [vdevice.cpp:651] [create] VDevice Infos: 0001:01:00.0
[2025-06-26 17:39:43.237] [7167] [HailoRT] [info] [hef.cpp:1929] [get_network_group_and_network_name] No name was given. Addressing all networks of default network_group: model
[2025-06-26 17:39:43.237] [7167] [HailoRT] [info] [hef.cpp:1929] [get_network_group_and_network_name] No name was given. Addressing all networks of default network_group: model
[2025-06-26 17:39:43.436] [7185] [HailoRT] [info] [internal_buffer_manager.cpp:204] [print_execution_results] Planned internal buffer memory: CMA memory 0, user memory 7375360. memory to edge layer usage factor is 0.7740462
[2025-06-26 17:39:43.436] [7185] [HailoRT] [info] [internal_buffer_manager.cpp:212] [print_execution_results] Default Internal buffer planner executed successfully
[2025-06-26 17:39:43.510] [7185] [HailoRT] [info] [device_internal.cpp:57] [configure] Configuring HEF took 86.099244 milliseconds
[2025-06-26 17:39:43.510] [7185] [HailoRT] [info] [vdevice.cpp:749] [configure] Configuring HEF on VDevice took 86.428409 milliseconds
[2025-06-26 17:39:43.510] [7185] [HailoRT] [info] [infer_model.cpp:436] [configure] Configuring network group 'model' with params: batch size: 2, power mode: PERFORMANCE, latency: NONE
[2025-06-26 17:39:43.510] [7185] [HailoRT] [info] [multi_io_elements.cpp:756] [create] Created (AsyncHwEl)
[2025-06-26 17:39:43.510] [7185] [HailoRT] [info] [queue_elements.cpp:450] [create] Created (EntryPushQEl0model/input_layer1 | timeout: 10s)
[2025-06-26 17:39:43.510] [7185] [HailoRT] [info] [multi_io_elements.cpp:135] [create] Created (NmsPPMuxEl0YOLOv5-Post-Process | Op YOLOV5, Name: YOLOv5-Post-Process, Score threshold: 0.300, IoU threshold: 0.45, Classes: 1, Cross classes: false, NMS results order: BY_CLASS, Max bboxes per class: 100, Image height: 640, Image width: 640)
[2025-06-26 17:39:43.511] [7185] [HailoRT] [info] [queue_elements.cpp:942] [create] Created (MultiPushQEl0YOLOv5-Post-Process | timeout: 10s)
[2025-06-26 17:39:43.511] [7185] [HailoRT] [info] [edge_elements.cpp:187] [create] Created (LastAsyncEl0NmsPPMuxEl0YOLOv5-Post-Process)
[2025-06-26 17:39:43.511] [7185] [HailoRT] [info] [pipeline.cpp:891] [print_deep_description] EntryPushQEl0model/input_layer1 | inputs: user | outputs: AsyncHwEl(running in thread_id: 7209)
[2025-06-26 17:39:43.511] [7185] [HailoRT] [info] [pipeline.cpp:891] [print_deep_description] AsyncHwEl | inputs: EntryPushQEl0model/input_layer1[0] | outputs: MultiPushQEl0YOLOv5-Post-Process MultiPushQEl0YOLOv5-Post-Process MultiPushQEl0YOLOv5-Post-Process
[2025-06-26 17:39:43.511] [7185] [HailoRT] [info] [pipeline.cpp:891] [print_deep_description] MultiPushQEl0YOLOv5-Post-Process | inputs: AsyncHwEl[0] AsyncHwEl[1] AsyncHwEl[2] | outputs: NmsPPMuxEl0YOLOv5-Post-Process(running in thread_id: 7210)
[2025-06-26 17:39:43.511] [7185] [HailoRT] [info] [pipeline.cpp:891] [print_deep_description] NmsPPMuxEl0YOLOv5-Post-Process | inputs: MultiPushQEl0YOLOv5-Post-Process[0] | outputs: LastAsyncEl0NmsPPMuxEl0YOLOv5-Post-Process
[2025-06-26 17:39:43.511] [7185] [HailoRT] [info] [pipeline.cpp:891] [print_deep_description] LastAsyncEl0NmsPPMuxEl0YOLOv5-Post-Process | inputs: NmsPPMuxEl0YOLOv5-Post-Process[0] | outputs: user
[2025-06-26 17:39:43.512] [7185] [HailoRT] [info] [hef.cpp:1929] [get_network_group_and_network_name] No name was given. Addressing all networks of default network_group: model
[2025-06-26 17:39:48.063] [7167] [HailoRT] [info] [async_infer_runner.cpp:86] [shutdown] Pipeline was aborted. Shutting it down
[2025-06-26 17:39:48.069] [7173] [HailoRT] [info] [network_group.cpp:857] [operator()] Infer request was aborted by user
[2025-06-26 17:39:48.069] [7167] [HailoRT] [info] [queue_elements.cpp:1131] [execute_deactivate] enqueue() in element MultiPushQEl0YOLOv5-Post-Process was aborted, got status = HAILO_SHUTDOWN_EVENT_SIGNALED(57)
[2025-06-26 17:39:48.069] [7167] [HailoRT] [info] [queue_elements.cpp:1131] [execute_deactivate] enqueue() in element MultiPushQEl0YOLOv5-Post-Process was aborted, got status = HAILO_SHUTDOWN_EVENT_SIGNALED(57)
[2025-06-26 17:39:48.069] [7167] [HailoRT] [info] [queue_elements.cpp:1131] [execute_deactivate] enqueue() in element MultiPushQEl0YOLOv5-Post-Process was aborted, got status = HAILO_SHUTDOWN_EVENT_SIGNALED(57)
[2025-06-26 17:39:48.069] [7167] [HailoRT] [info] [queue_elements.cpp:570] [execute_deactivate] enqueue() in element EntryPushQEl0model/input_layer1 was aborted, got status = HAILO_SHUTDOWN_EVENT_SIGNALED(57)
[2025-06-26 17:39:48.069] [7167] [HailoRT] [info] [queue_elements.cpp:46] [~BaseQueueElement] Queue element EntryPushQEl0model/input_layer1 has 0 frames in his Queue on destruction
[2025-06-26 17:40:19.203] [7229] [HailoRT] [info] [vdevice.cpp:523] [create] Creating vdevice with params: device_count: 1, scheduling_algorithm: ROUND_ROBIN, multi_process_service: false
[2025-06-26 17:40:19.214] [7229] [HailoRT] [info] [device.cpp:49] [Device] OS Version: Linux 6.12.25+rpt-rpi-2712 #1 SMP PREEMPT Debian 1:6.12.25-1+rpt1 (2025-04-30) aarch64
[2025-06-26 17:40:19.215] [7229] [HailoRT] [info] [control.cpp:108] [control__parse_identify_results] firmware_version is: 4.20.0
[2025-06-26 17:40:19.215] [7229] [HailoRT] [info] [vdevice.cpp:651] [create] VDevice Infos: 0001:01:00.0
[2025-06-26 17:40:19.362] [7229] [HailoRT] [info] [hef.cpp:1929] [get_network_group_and_network_name] No name was given. Addressing all networks of default network_group: model
[2025-06-26 17:40:19.362] [7229] [HailoRT] [info] [hef.cpp:1929] [get_network_group_and_network_name] No name was given. Addressing all networks of default network_group: model
[2025-06-26 17:40:19.570] [7247] [HailoRT] [info] [internal_buffer_manager.cpp:204] [print_execution_results] Planned internal buffer memory: CMA memory 0, user memory 7375360. memory to edge layer usage factor is 0.7740462
[2025-06-26 17:40:19.570] [7247] [HailoRT] [info] [internal_buffer_manager.cpp:212] [print_execution_results] Default Internal buffer planner executed successfully
[2025-06-26 17:41:12.293] [7299] [HailoRT] [info] [vdevice.cpp:523] [create] Creating vdevice with params: device_count: 1, scheduling_algorithm: ROUND_ROBIN, multi_process_service: false
[2025-06-26 17:41:12.306] [7299] [HailoRT] [info] [device.cpp:49] [Device] OS Version: Linux 6.12.25+rpt-rpi-2712 #1 SMP PREEMPT Debian 1:6.12.25-1+rpt1 (2025-04-30) aarch64
[2025-06-26 17:41:12.307] [7299] [HailoRT] [info] [control.cpp:108] [control__parse_identify_results] firmware_version is: 4.20.0
[2025-06-26 17:41:12.307] [7299] [HailoRT] [info] [vdevice.cpp:651] [create] VDevice Infos: 0001:01:00.0
[2025-06-26 17:41:12.450] [7299] [HailoRT] [info] [hef.cpp:1929] [get_network_group_and_network_name] No name was given. Addressing all networks of default network_group: model
[2025-06-26 17:41:12.450] [7299] [HailoRT] [info] [hef.cpp:1929] [get_network_group_and_network_name] No name was given. Addressing all networks of default network_group: model
[2025-06-26 17:41:12.661] [7317] [HailoRT] [info] [internal_buffer_manager.cpp:204] [print_execution_results] Planned internal buffer memory: CMA memory 0, user memory 7375360. memory to edge layer usage factor is 0.7740462
[2025-06-26 17:41:12.661] [7317] [HailoRT] [info] [internal_buffer_manager.cpp:212] [print_execution_results] Default Internal buffer planner executed successfully
[2025-06-26 17:41:12.730] [7317] [HailoRT] [info] [device_internal.cpp:57] [configure] Configuring HEF took 85.48956 milliseconds
[2025-06-26 17:41:12.730] [7317] [HailoRT] [info] [vdevice.cpp:749] [configure] Configuring HEF on VDevice took 85.781484 milliseconds
[2025-06-26 17:41:12.730] [7317] [HailoRT] [info] [infer_model.cpp:436] [configure] Configuring network group 'model' with params: batch size: 2, power mode: PERFORMANCE, latency: NONE
[2025-06-26 17:41:12.730] [7317] [HailoRT] [info] [multi_io_elements.cpp:756] [create] Created (AsyncHwEl)
[2025-06-26 17:41:12.732] [7317] [HailoRT] [info] [queue_elements.cpp:450] [create] Created (EntryPushQEl0model/input_layer1 | timeout: 10s)
[2025-06-26 17:41:12.732] [7317] [HailoRT] [info] [multi_io_elements.cpp:135] [create] Created (NmsPPMuxEl0YOLOv5-Post-Process | Op YOLOV5, Name: YOLOv5-Post-Process, Score threshold: 0.300, IoU threshold: 0.45, Classes: 1, Cross classes: false, NMS results order: BY_CLASS, Max bboxes per class: 100, Image height: 640, Image width: 640)
[2025-06-26 17:41:12.733] [7317] [HailoRT] [info] [queue_elements.cpp:942] [create] Created (MultiPushQEl0YOLOv5-Post-Process | timeout: 10s)
[2025-06-26 17:41:12.733] [7317] [HailoRT] [info] [edge_elements.cpp:187] [create] Created (LastAsyncEl0NmsPPMuxEl0YOLOv5-Post-Process)
[2025-06-26 17:41:12.733] [7317] [HailoRT] [info] [pipeline.cpp:891] [print_deep_description] EntryPushQEl0model/input_layer1 | inputs: user | outputs: AsyncHwEl(running in thread_id: 7341)
[2025-06-26 17:41:12.733] [7317] [HailoRT] [info] [pipeline.cpp:891] [print_deep_description] AsyncHwEl | inputs: EntryPushQEl0model/input_layer1[0] | outputs: MultiPushQEl0YOLOv5-Post-Process MultiPushQEl0YOLOv5-Post-Process MultiPushQEl0YOLOv5-Post-Process
[2025-06-26 17:41:12.733] [7317] [HailoRT] [info] [pipeline.cpp:891] [print_deep_description] MultiPushQEl0YOLOv5-Post-Process | inputs: AsyncHwEl[0] AsyncHwEl[1] AsyncHwEl[2] | outputs: NmsPPMuxEl0YOLOv5-Post-Process(running in thread_id: 7342)
[2025-06-26 17:41:12.733] [7317] [HailoRT] [info] [pipeline.cpp:891] [print_deep_description] NmsPPMuxEl0YOLOv5-Post-Process | inputs: MultiPushQEl0YOLOv5-Post-Process[0] | outputs: LastAsyncEl0NmsPPMuxEl0YOLOv5-Post-Process
[2025-06-26 17:41:12.733] [7317] [HailoRT] [info] [pipeline.cpp:891] [print_deep_description] LastAsyncEl0NmsPPMuxEl0YOLOv5-Post-Process | inputs: NmsPPMuxEl0YOLOv5-Post-Process[0] | outputs: user
[2025-06-26 17:41:12.734] [7317] [HailoRT] [info] [hef.cpp:1929] [get_network_group_and_network_name] No name was given. Addressing all networks of default network_group: model
[2025-06-26 17:41:20.810] [7299] [HailoRT] [info] [async_infer_runner.cpp:86] [shutdown] Pipeline was aborted. Shutting it down
[2025-06-26 17:41:20.816] [7305] [HailoRT] [info] [network_group.cpp:857] [operator()] Infer request was aborted by user
[2025-06-26 17:41:20.816] [7299] [HailoRT] [info] [queue_elements.cpp:1131] [execute_deactivate] enqueue() in element MultiPushQEl0YOLOv5-Post-Process was aborted, got status = HAILO_SHUTDOWN_EVENT_SIGNALED(57)
[2025-06-26 17:41:20.816] [7299] [HailoRT] [info] [queue_elements.cpp:1131] [execute_deactivate] enqueue() in element MultiPushQEl0YOLOv5-Post-Process was aborted, got status = HAILO_SHUTDOWN_EVENT_SIGNALED(57)
[2025-06-26 17:41:20.816] [7299] [HailoRT] [info] [queue_elements.cpp:1131] [execute_deactivate] enqueue() in element MultiPushQEl0YOLOv5-Post-Process was aborted, got status = HAILO_SHUTDOWN_EVENT_SIGNALED(57)
[2025-06-26 17:41:20.816] [7299] [HailoRT] [info] [queue_elements.cpp:570] [execute_deactivate] enqueue() in element EntryPushQEl0model/input_layer1 was aborted, got status = HAILO_SHUTDOWN_EVENT_SIGNALED(57)
[2025-06-26 17:41:20.816] [7299] [HailoRT] [info] [queue_elements.cpp:46] [~BaseQueueElement] Queue element EntryPushQEl0model/input_layer1 has 0 frames in his Queue on destruction
[2025-06-26 17:41:27.277] [7355] [HailoRT] [info] [vdevice.cpp:523] [create] Creating vdevice with params: device_count: 1, scheduling_algorithm: ROUND_ROBIN, multi_process_service: false
[2025-06-26 17:41:27.290] [7355] [HailoRT] [info] [device.cpp:49] [Device] OS Version: Linux 6.12.25+rpt-rpi-2712 #1 SMP PREEMPT Debian 1:6.12.25-1+rpt1 (2025-04-30) aarch64
[2025-06-26 17:41:27.291] [7355] [HailoRT] [info] [control.cpp:108] [control__parse_identify_results] firmware_version is: 4.20.0
[2025-06-26 17:41:27.291] [7355] [HailoRT] [info] [vdevice.cpp:651] [create] VDevice Infos: 0001:01:00.0
[2025-06-26 17:41:27.430] [7355] [HailoRT] [info] [hef.cpp:1929] [get_network_group_and_network_name] No name was given. Addressing all networks of default network_group: model
[2025-06-26 17:41:27.430] [7355] [HailoRT] [info] [hef.cpp:1929] [get_network_group_and_network_name] No name was given. Addressing all networks of default network_group: model
[2025-06-26 17:41:27.645] [7373] [HailoRT] [info] [internal_buffer_manager.cpp:204] [print_execution_results] Planned internal buffer memory: CMA memory 0, user memory 7375360. memory to edge layer usage factor is 0.7740462
[2025-06-26 17:41:27.645] [7373] [HailoRT] [info] [internal_buffer_manager.cpp:212] [print_execution_results] Default Internal buffer planner executed successfully
[2025-06-26 17:41:27.710] [7373] [HailoRT] [info] [device_internal.cpp:57] [configure] Configuring HEF took 81.479259 milliseconds
[2025-06-26 17:41:27.710] [7373] [HailoRT] [info] [vdevice.cpp:749] [configure] Configuring HEF on VDevice took 82.507218 milliseconds
[2025-06-26 17:41:27.710] [7373] [HailoRT] [info] [infer_model.cpp:436] [configure] Configuring network group 'model' with params: batch size: 2, power mode: PERFORMANCE, latency: NONE
[2025-06-26 17:41:27.710] [7373] [HailoRT] [info] [multi_io_elements.cpp:756] [create] Created (AsyncHwEl)
[2025-06-26 17:41:27.710] [7373] [HailoRT] [info] [queue_elements.cpp:450] [create] Created (EntryPushQEl0model/input_layer1 | timeout: 10s)
[2025-06-26 17:41:27.710] [7373] [HailoRT] [info] [multi_io_elements.cpp:135] [create] Created (NmsPPMuxEl0YOLOv5-Post-Process | Op YOLOV5, Name: YOLOv5-Post-Process, Score threshold: 0.300, IoU threshold: 0.45, Classes: 1, Cross classes: false, NMS results order: BY_CLASS, Max bboxes per class: 100, Image height: 640, Image width: 640)
[2025-06-26 17:41:27.714] [7373] [HailoRT] [info] [queue_elements.cpp:942] [create] Created (MultiPushQEl0YOLOv5-Post-Process | timeout: 10s)
[2025-06-26 17:41:27.714] [7373] [HailoRT] [info] [edge_elements.cpp:187] [create] Created (LastAsyncEl0NmsPPMuxEl0YOLOv5-Post-Process)
[2025-06-26 17:41:27.714] [7373] [HailoRT] [info] [pipeline.cpp:891] [print_deep_description] EntryPushQEl0model/input_layer1 | inputs: user | outputs: AsyncHwEl(running in thread_id: 7396)
[2025-06-26 17:41:27.714] [7373] [HailoRT] [info] [pipeline.cpp:891] [print_deep_description] AsyncHwEl | inputs: EntryPushQEl0model/input_layer1[0] | outputs: MultiPushQEl0YOLOv5-Post-Process MultiPushQEl0YOLOv5-Post-Process MultiPushQEl0YOLOv5-Post-Process
[2025-06-26 17:41:27.714] [7373] [HailoRT] [info] [pipeline.cpp:891] [print_deep_description] MultiPushQEl0YOLOv5-Post-Process | inputs: AsyncHwEl[0] AsyncHwEl[1] AsyncHwEl[2] | outputs: NmsPPMuxEl0YOLOv5-Post-Process(running in thread_id: 7397)
[2025-06-26 17:41:27.714] [7373] [HailoRT] [info] [pipeline.cpp:891] [print_deep_description] NmsPPMuxEl0YOLOv5-Post-Process | inputs: MultiPushQEl0YOLOv5-Post-Process[0] | outputs: LastAsyncEl0NmsPPMuxEl0YOLOv5-Post-Process
[2025-06-26 17:41:27.714] [7373] [HailoRT] [info] [pipeline.cpp:891] [print_deep_description] LastAsyncEl0NmsPPMuxEl0YOLOv5-Post-Process | inputs: NmsPPMuxEl0YOLOv5-Post-Process[0] | outputs: user
[2025-06-26 17:41:27.716] [7373] [HailoRT] [info] [hef.cpp:1929] [get_network_group_and_network_name] No name was given. Addressing all networks of default network_group: model
[2025-06-26 17:42:00.933] [7355] [HailoRT] [info] [async_infer_runner.cpp:86] [shutdown] Pipeline was aborted. Shutting it down
[2025-06-26 17:42:00.933] [7355] [HailoRT] [info] [queue_elements.cpp:1131] [execute_deactivate] enqueue() in element MultiPushQEl0YOLOv5-Post-Process was aborted, got status = HAILO_SHUTDOWN_EVENT_SIGNALED(57)
[2025-06-26 17:42:00.933] [7355] [HailoRT] [info] [queue_elements.cpp:1131] [execute_deactivate] enqueue() in element MultiPushQEl0YOLOv5-Post-Process was aborted, got status = HAILO_SHUTDOWN_EVENT_SIGNALED(57)
[2025-06-26 17:42:00.933] [7355] [HailoRT] [info] [queue_elements.cpp:1131] [execute_deactivate] enqueue() in element MultiPushQEl0YOLOv5-Post-Process was aborted, got status = HAILO_SHUTDOWN_EVENT_SIGNALED(57)
[2025-06-26 17:42:00.933] [7355] [HailoRT] [info] [queue_elements.cpp:570] [execute_deactivate] enqueue() in element EntryPushQEl0model/input_layer1 was aborted, got status = HAILO_SHUTDOWN_EVENT_SIGNALED(57)
[2025-06-26 17:42:00.933] [7355] [HailoRT] [info] [queue_elements.cpp:46] [~BaseQueueElement] Queue element EntryPushQEl0model/input_layer1 has 0 frames in his Queue on destruction
[2025-06-26 17:43:21.185] [7446] [HailoRT] [info] [vdevice.cpp:523] [create] Creating vdevice with params: device_count: 1, scheduling_algorithm: ROUND_ROBIN, multi_process_service: false
[2025-06-26 17:43:21.197] [7446] [HailoRT] [info] [device.cpp:49] [Device] OS Version: Linux 6.12.25+rpt-rpi-2712 #1 SMP PREEMPT Debian 1:6.12.25-1+rpt1 (2025-04-30) aarch64
[2025-06-26 17:43:21.198] [7446] [HailoRT] [info] [control.cpp:108] [control__parse_identify_results] firmware_version is: 4.20.0
[2025-06-26 17:43:21.198] [7446] [HailoRT] [info] [vdevice.cpp:651] [create] VDevice Infos: 0001:01:00.0
[2025-06-26 17:43:21.349] [7446] [HailoRT] [info] [hef.cpp:1929] [get_network_group_and_network_name] No name was given. Addressing all networks of default network_group: model
[2025-06-26 17:43:21.349] [7446] [HailoRT] [info] [hef.cpp:1929] [get_network_group_and_network_name] No name was given. Addressing all networks of default network_group: model
[2025-06-26 17:43:21.364] [7446] [HailoRT] [info] [internal_buffer_manager.cpp:204] [print_execution_results] Planned internal buffer memory: CMA memory 0, user memory 7375360. memory to edge layer usage factor is 0.7740462
[2025-06-26 17:43:21.364] [7446] [HailoRT] [info] [internal_buffer_manager.cpp:212] [print_execution_results] Default Internal buffer planner executed successfully
[2025-06-26 17:43:21.392] [7446] [HailoRT] [info] [device_internal.cpp:57] [configure] Configuring HEF took 36.564366 milliseconds
[2025-06-26 17:43:21.392] [7446] [HailoRT] [info] [vdevice.cpp:749] [configure] Configuring HEF on VDevice took 36.896532 milliseconds
[2025-06-26 17:43:21.392] [7446] [HailoRT] [info] [infer_model.cpp:436] [configure] Configuring network group 'model' with params: batch size: 2, power mode: PERFORMANCE, latency: NONE
[2025-06-26 17:43:21.392] [7446] [HailoRT] [info] [multi_io_elements.cpp:756] [create] Created (AsyncHwEl)
[2025-06-26 17:43:21.392] [7446] [HailoRT] [info] [queue_elements.cpp:450] [create] Created (EntryPushQEl0model/input_layer1 | timeout: 10s)
[2025-06-26 17:43:21.392] [7446] [HailoRT] [info] [multi_io_elements.cpp:135] [create] Created (NmsPPMuxEl0YOLOv5-Post-Process | Op YOLOV5, Name: YOLOv5-Post-Process, Score threshold: 0.300, IoU threshold: 0.45, Classes: 1, Cross classes: false, NMS results order: BY_CLASS, Max bboxes per class: 100, Image height: 640, Image width: 640)
[2025-06-26 17:43:21.393] [7446] [HailoRT] [info] [queue_elements.cpp:942] [create] Created (MultiPushQEl0YOLOv5-Post-Process | timeout: 10s)
[2025-06-26 17:43:21.393] [7446] [HailoRT] [info] [edge_elements.cpp:187] [create] Created (LastAsyncEl0NmsPPMuxEl0YOLOv5-Post-Process)
[2025-06-26 17:43:21.393] [7446] [HailoRT] [info] [pipeline.cpp:891] [print_deep_description] EntryPushQEl0model/input_layer1 | inputs: user | outputs: AsyncHwEl(running in thread_id: 7475)
[2025-06-26 17:43:21.393] [7446] [HailoRT] [info] [pipeline.cpp:891] [print_deep_description] AsyncHwEl | inputs: EntryPushQEl0model/input_layer1[0] | outputs: MultiPushQEl0YOLOv5-Post-Process MultiPushQEl0YOLOv5-Post-Process MultiPushQEl0YOLOv5-Post-Process
[2025-06-26 17:43:21.393] [7446] [HailoRT] [info] [pipeline.cpp:891] [print_deep_description] MultiPushQEl0YOLOv5-Post-Process | inputs: AsyncHwEl[0] AsyncHwEl[1] AsyncHwEl[2] | outputs: NmsPPMuxEl0YOLOv5-Post-Process(running in thread_id: 7476)
[2025-06-26 17:43:21.393] [7446] [HailoRT] [info] [pipeline.cpp:891] [print_deep_description] NmsPPMuxEl0YOLOv5-Post-Process | inputs: MultiPushQEl0YOLOv5-Post-Process[0] | outputs: LastAsyncEl0NmsPPMuxEl0YOLOv5-Post-Process
[2025-06-26 17:43:21.393] [7446] [HailoRT] [info] [pipeline.cpp:891] [print_deep_description] LastAsyncEl0NmsPPMuxEl0YOLOv5-Post-Process | inputs: NmsPPMuxEl0YOLOv5-Post-Process[0] | outputs: user
[2025-06-26 17:43:21.738] [7464] [HailoRT] [info] [hef.cpp:1929] [get_network_group_and_network_name] No name was given. Addressing all networks of default network_group: model
[2025-06-26 17:43:33.927] [7536] [HailoRT] [info] [vdevice.cpp:523] [create] Creating vdevice with params: device_count: 1, scheduling_algorithm: ROUND_ROBIN, multi_process_service: false
[2025-06-26 17:43:33.938] [7536] [HailoRT] [info] [device.cpp:49] [Device] OS Version: Linux 6.12.25+rpt-rpi-2712 #1 SMP PREEMPT Debian 1:6.12.25-1+rpt1 (2025-04-30) aarch64
[2025-06-26 17:43:33.939] [7536] [HailoRT] [info] [control.cpp:108] [control__parse_identify_results] firmware_version is: 4.20.0
[2025-06-26 17:43:33.939] [7536] [HailoRT] [info] [vdevice.cpp:651] [create] VDevice Infos: 0001:01:00.0
[2025-06-26 17:43:34.072] [7536] [HailoRT] [info] [hef.cpp:1929] [get_network_group_and_network_name] No name was given. Addressing all networks of default network_group: model
[2025-06-26 17:43:34.072] [7536] [HailoRT] [info] [hef.cpp:1929] [get_network_group_and_network_name] No name was given. Addressing all networks of default network_group: model
[2025-06-26 17:43:34.276] [7554] [HailoRT] [info] [internal_buffer_manager.cpp:204] [print_execution_results] Planned internal buffer memory: CMA memory 0, user memory 7375360. memory to edge layer usage factor is 0.7740462
[2025-06-26 17:43:34.276] [7554] [HailoRT] [info] [internal_buffer_manager.cpp:212] [print_execution_results] Default Internal buffer planner executed successfully
[2025-06-26 17:43:34.355] [7554] [HailoRT] [info] [device_internal.cpp:57] [configure] Configuring HEF took 92.444735 milliseconds
[2025-06-26 17:43:34.355] [7554] [HailoRT] [info] [vdevice.cpp:749] [configure] Configuring HEF on VDevice took 92.931253 milliseconds
[2025-06-26 17:43:34.355] [7554] [HailoRT] [info] [infer_model.cpp:436] [configure] Configuring network group 'model' with params: batch size: 2, power mode: PERFORMANCE, latency: NONE
[2025-06-26 17:43:34.355] [7554] [HailoRT] [info] [multi_io_elements.cpp:756] [create] Created (AsyncHwEl)
[2025-06-26 17:43:34.359] [7554] [HailoRT] [info] [queue_elements.cpp:450] [create] Created (EntryPushQEl0model/input_layer1 | timeout: 10s)
[2025-06-26 17:43:34.359] [7554] [HailoRT] [info] [multi_io_elements.cpp:135] [create] Created (NmsPPMuxEl0YOLOv5-Post-Process | Op YOLOV5, Name: YOLOv5-Post-Process, Score threshold: 0.300, IoU threshold: 0.45, Classes: 1, Cross classes: false, NMS results order: BY_CLASS, Max bboxes per class: 100, Image height: 640, Image width: 640)
[2025-06-26 17:43:34.362] [7554] [HailoRT] [info] [queue_elements.cpp:942] [create] Created (MultiPushQEl0YOLOv5-Post-Process | timeout: 10s)
[2025-06-26 17:43:34.362] [7554] [HailoRT] [info] [edge_elements.cpp:187] [create] Created (LastAsyncEl0NmsPPMuxEl0YOLOv5-Post-Process)
[2025-06-26 17:43:34.362] [7554] [HailoRT] [info] [pipeline.cpp:891] [print_deep_description] EntryPushQEl0model/input_layer1 | inputs: user | outputs: AsyncHwEl(running in thread_id: 7577)
[2025-06-26 17:43:34.362] [7554] [HailoRT] [info] [pipeline.cpp:891] [print_deep_description] AsyncHwEl | inputs: EntryPushQEl0model/input_layer1[0] | outputs: MultiPushQEl0YOLOv5-Post-Process MultiPushQEl0YOLOv5-Post-Process MultiPushQEl0YOLOv5-Post-Process
[2025-06-26 17:43:34.362] [7554] [HailoRT] [info] [pipeline.cpp:891] [print_deep_description] MultiPushQEl0YOLOv5-Post-Process | inputs: AsyncHwEl[0] AsyncHwEl[1] AsyncHwEl[2] | outputs: NmsPPMuxEl0YOLOv5-Post-Process(running in thread_id: 7578)
[2025-06-26 17:43:34.362] [7554] [HailoRT] [info] [pipeline.cpp:891] [print_deep_description] NmsPPMuxEl0YOLOv5-Post-Process | inputs: MultiPushQEl0YOLOv5-Post-Process[0] | outputs: LastAsyncEl0NmsPPMuxEl0YOLOv5-Post-Process
[2025-06-26 17:43:34.362] [7554] [HailoRT] [info] [pipeline.cpp:891] [print_deep_description] LastAsyncEl0NmsPPMuxEl0YOLOv5-Post-Process | inputs: NmsPPMuxEl0YOLOv5-Post-Process[0] | outputs: user
[2025-06-26 17:43:34.365] [7554] [HailoRT] [info] [hef.cpp:1929] [get_network_group_and_network_name] No name was given. Addressing all networks of default network_group: model
[2025-06-26 17:43:41.057] [7536] [HailoRT] [info] [async_infer_runner.cpp:86] [shutdown] Pipeline was aborted. Shutting it down
[2025-06-26 17:43:41.064] [7542] [HailoRT] [info] [network_group.cpp:857] [operator()] Infer request was aborted by user
[2025-06-26 17:43:41.064] [7536] [HailoRT] [info] [queue_elements.cpp:1131] [execute_deactivate] enqueue() in element MultiPushQEl0YOLOv5-Post-Process was aborted, got status = HAILO_SHUTDOWN_EVENT_SIGNALED(57)
[2025-06-26 17:43:41.064] [7536] [HailoRT] [info] [queue_elements.cpp:1131] [execute_deactivate] enqueue() in element MultiPushQEl0YOLOv5-Post-Process was aborted, got status = HAILO_SHUTDOWN_EVENT_SIGNALED(57)
[2025-06-26 17:43:41.064] [7536] [HailoRT] [info] [queue_elements.cpp:1131] [execute_deactivate] enqueue() in element MultiPushQEl0YOLOv5-Post-Process was aborted, got status = HAILO_SHUTDOWN_EVENT_SIGNALED(57)
[2025-06-26 17:43:41.064] [7536] [HailoRT] [info] [queue_elements.cpp:570] [execute_deactivate] enqueue() in element EntryPushQEl0model/input_layer1 was aborted, got status = HAILO_SHUTDOWN_EVENT_SIGNALED(57)
[2025-06-26 17:43:41.064] [7536] [HailoRT] [info] [queue_elements.cpp:46] [~BaseQueueElement] Queue element EntryPushQEl0model/input_layer1 has 0 frames in his Queue on destruction
